[debug] [2018-05-14T11:41:20.432Z] ----------------------------------------------------------------------
[debug] [2018-05-14T11:41:20.434Z] Command:       C:\Program Files\nodejs\node.exe C:\Users\Rafael\AppData\Roaming\npm\node_modules\firebase-tools\bin\firebase init
[debug] [2018-05-14T11:41:20.434Z] CLI Version:   3.18.4
[debug] [2018-05-14T11:41:20.434Z] Platform:      win32
[debug] [2018-05-14T11:41:20.434Z] Node Version:  v9.11.1
[debug] [2018-05-14T11:41:20.436Z] Time:          Mon May 14 2018 13:41:20 GMT+0200 (Hora de verano centroeuropea)
[debug] [2018-05-14T11:41:20.436Z] ----------------------------------------------------------------------
[debug] 
[debug] [2018-05-14T11:41:20.512Z] > command requires scopes: ["email","openid","https://www.googleapis.com/auth/cloudplatformprojects.readonly","https://www.googleapis.com/auth/firebase"]
[debug] [2018-05-14T11:41:20.513Z] > authorizing via signed-in user
[info] 
     ######## #### ########  ######## ########     ###     ######  ########
     ##        ##  ##     ## ##       ##     ##  ##   ##  ##       ##
     ######    ##  ########  ######   ########  #########  ######  ######
     ##        ##  ##    ##  ##       ##     ## ##     ##       ## ##
     ##       #### ##     ## ######## ########  ##     ##  ######  ########

You're about to initialize a Firebase project in this directory:

  C:\Users\Rafael\Desktop\Proyecto

[info] 
=== Project Setup
[info] 
[info] First, let's associate this project directory with a Firebase project.
[info] You can create multiple project aliases by running firebase use --add, 
[info] but for now we'll just set up a default project.
[info] 
[debug] [2018-05-14T11:41:42.229Z] > refreshing access token with scopes: ["email","https://www.googleapis.com/auth/cloudplatformprojects.readonly","https://www.googleapis.com/auth/firebase","openid"]
[debug] [2018-05-14T11:41:42.230Z] >>> HTTP REQUEST POST https://www.googleapis.com/oauth2/v3/token  
 { refresh_token: '1/rTvHxif0th8QQjKYOpz0v7TwgfsQrtBnhukncQawH64',
  client_id: '563584335869-fgrhgmd47bqnekij5i8b5pr03ho849e6.apps.googleusercontent.com',
  client_secret: 'j9iVZfS8kkCEFUPaAeJV0sAi',
  grant_type: 'refresh_token',
  scope: 'email https://www.googleapis.com/auth/cloudplatformprojects.readonly https://www.googleapis.com/auth/firebase openid' } 
 Mon May 14 2018 13:41:42 GMT+0200 (Hora de verano centroeuropea)
[debug] [2018-05-14T11:41:42.973Z] <<< HTTP RESPONSE 200
[debug] [2018-05-14T11:41:42.996Z] >>> HTTP REQUEST GET https://admin.firebase.com/v1/projects  
  
 Mon May 14 2018 13:41:42 GMT+0200 (Hora de verano centroeuropea)
[debug] [2018-05-14T11:41:50.919Z] Error: getaddrinfo EAI_AGAIN admin.firebase.com:443
    at GetAddrInfoReqWrap.onlookup [as oncomplete] (dns.js:67:26)
[error] 
[error] Error: Server Error. getaddrinfo EAI_AGAIN admin.firebase.com:443
